<?xml version="1.0" encoding="UTF-8"?>
<testng-results ignored="0" total="1" passed="1" failed="0" skipped="0">
  <reporter-output>
  </reporter-output>
  <suite started-at="2022-02-25T16:34:23 IST" name="Default suite" finished-at="2022-02-25T16:34:26 IST" duration-ms="2871">
    <groups>
    </groups>
    <test started-at="2022-02-25T16:34:23 IST" name="Default test" finished-at="2022-02-25T16:34:26 IST" duration-ms="2871">
      <class name="com.rmgyantra.waysToPostARequest.PostByCreatingJsonFileTest">
        <test-method signature="creatingByFile()[pri:0, instance:com.rmgyantra.waysToPostARequest.PostByCreatingJsonFileTest@2dde1bff]" started-at="2022-02-25T16:34:23 IST" name="creatingByFile" finished-at="2022-02-25T16:34:26 IST" duration-ms="2808" status="PASS">
          <reporter-output>
          </reporter-output>
        </test-method> <!-- creatingByFile -->
      </class> <!-- com.rmgyantra.waysToPostARequest.PostByCreatingJsonFileTest -->
    </test> <!-- Default test -->
  </suite> <!-- Default suite -->
</testng-results>
